<?xml version="1.0" encoding="UTF-8"?>
<testng-results skipped="0" failed="0" ignored="5" total="7" passed="2">
  <reporter-output>
  </reporter-output>
  <suite name="Suite" duration-ms="57" started-at="2021-02-12T02:23:09Z" finished-at="2021-02-12T02:23:10Z">
    <groups>
      <group name="sanity">
        <method signature="TestNGMoreCases.regist()[pri:0, instance:PracticeOfSelenium.TestNGMoreCases@4b9e13df]" name="regist" class="PracticeOfSelenium.TestNGMoreCases"/>
        <method signature="TestNGMoreCases.register()[pri:0, instance:PracticeOfSelenium.TestNGMoreCases@4b9e13df]" name="register" class="PracticeOfSelenium.TestNGMoreCases"/>
      </group> <!-- sanity -->
    </groups>
    <test name="Test" duration-ms="57" started-at="2021-02-12T02:23:09Z" finished-at="2021-02-12T02:23:10Z">
      <class name="PracticeOfSelenium.TestNGMoreCases">
        <test-method status="PASS" signature="regist()[pri:0, instance:PracticeOfSelenium.TestNGMoreCases@4b9e13df]" name="regist" duration-ms="10" started-at="2021-02-12T02:23:10Z" finished-at="2021-02-12T02:23:10Z">
          <reporter-output>
          </reporter-output>
        </test-method> <!-- regist -->
        <test-method status="PASS" signature="register()[pri:0, instance:PracticeOfSelenium.TestNGMoreCases@4b9e13df]" name="register" duration-ms="9" started-at="2021-02-12T02:23:10Z" finished-at="2021-02-12T02:23:10Z">
          <reporter-output>
          </reporter-output>
        </test-method> <!-- register -->
      </class> <!-- PracticeOfSelenium.TestNGMoreCases -->
    </test> <!-- Test -->
  </suite> <!-- Suite -->
</testng-results>
