<?xml version="1.0" encoding="UTF-8"?>
<!-- Generated by org.testng.reporters.JUnitXMLReporter -->
<testsuite hostname="LAPTOP-384VAQ1D" ignored="5" name="Test" tests="2" failures="0" timestamp="12 Feb 2021 02:23:10 GMT" time="0.057" errors="0">
  <testcase name="regist" time="0.01" classname="PracticeOfSelenium.TestNGMoreCases"/>
  <testcase name="register" time="0.009" classname="PracticeOfSelenium.TestNGMoreCases"/>
  <testcase name="search" time="0.0" classname="PracticeOfSelenium.TestNGMoreCases">
    <ignored/>
  </testcase> <!-- search -->
  <testcase name="Help" time="0.0" classname="PracticeOfSelenium.TestNGDependency">
    <ignored/>
  </testcase> <!-- Help -->
  <testcase name="regiter" time="0.0" classname="PracticeOfSelenium.TestNGDependency">
    <ignored/>
  </testcase> <!-- regiter -->
  <testcase name="Add" time="0.0" classname="PracticeOfSelenium.TestNGDependency">
    <ignored/>
  </testcase> <!-- Add -->
  <testcase name="login" time="0.0" classname="PracticeOfSelenium.TestNGMoreCases">
    <ignored/>
  </testcase> <!-- login -->
</testsuite> <!-- Test -->
